<?xml version="1.0" encoding="UTF-8"?>
<!-- Generated by org.testng.reporters.JUnitXMLReporter -->
<testsuite hostname="DESKTOP-8GU1FPD" name="TestCaseA" tests="4" failures="0" timestamp="12 Sep 2018 10:07:08 GMT" time="0.171" errors="0">
  <testcase name="@BeforeTest setup" time="0.0" classname="com.ddfw.punj.testcases.TestCaseA">
    <failure type="org.testng.TestNGException" message="
Parameter &amp;apos;browser&amp;apos; is required by @Configuration on method setup but has not been marked @Optional or defined
in C:\Users\Dell\Workspace\ParallelCI\ddfw.punj\src\test\resources\testng.xml">
      <![CDATA[org.testng.TestNGException: 
Parameter 'browser' is required by @Configuration on method setup but has not been marked @Optional or defined
in C:\Users\Dell\Workspace\ParallelCI\ddfw.punj\src\test\resources\testng.xml
	at java.util.concurrent.FutureTask.run(Unknown Source)
	at java.util.concurrent.ThreadPoolExecutor.runWorker(Unknown Source)
	at java.util.concurrent.ThreadPoolExecutor$Worker.run(Unknown Source)
	at java.lang.Thread.run(Unknown Source)
... Removed 11 stack frames]]>
    </failure>
  </testcase> <!-- @BeforeTest setup -->
  <testcase name="test1" time="0.001" classname="com.ddfw.punj.testcases.TestCaseA">
    <skipped/>
  </testcase> <!-- test1 -->
  <testcase name="test2" time="0.005" classname="com.ddfw.punj.testcases.TestCaseA">
    <skipped/>
  </testcase> <!-- test2 -->
  <testcase name="test3" time="0.002" classname="com.ddfw.punj.testcases.TestCaseA">
    <skipped/>
  </testcase> <!-- test3 -->
  <testcase name="test4" time="0.002" classname="com.ddfw.punj.testcases.TestCaseA">
    <skipped/>
  </testcase> <!-- test4 -->
</testsuite> <!-- TestCaseA -->
